2025-01-17 03:51:58,778 - Patient updated: Aniket Choudhary
2025-01-17 03:51:58,779 - Previous data: Aniket Choudhary, Status: admitted
2025-01-17 06:32:59,769 - Patient updated: Sarah Johnson
2025-01-17 06:32:59,770 - Previous data: Sarah Johnson, Status: admitted
2025-01-17 06:34:51,594 - Patient updated: Sarah Johnson
2025-01-17 06:34:51,595 - Previous data: Sarah Johnson, Status: admitted
2025-01-17 06:34:51,598 - Patient updated: Sarah Johnson
2025-01-17 06:34:51,598 - Previous data: Sarah Johnson, Status: discharged
2025-01-17 06:34:51,599 - Patient updated: Pranav Desai
2025-01-17 06:34:51,599 - Previous data: Pranav Desai, Status: admitted
2025-01-17 06:34:51,601 - Patient updated: Pranav Desai v2
2025-01-17 06:34:51,601 - Previous data: Pranav Desai v2, Status: admitted
2025-01-17 06:34:51,602 - Patient updated: Pratham R Shetty
2025-01-17 06:34:51,602 - Previous data: Pratham R Shetty, Status: admitted
2025-01-17 06:34:51,603 - Patient updated: Sarah Johnson
2025-01-17 06:34:51,603 - Previous data: Sarah Johnson, Status: discharged
2025-01-17 06:34:51,606 - Patient updated: Sarah Johnson
2025-01-17 06:34:51,606 - Previous data: Sarah Johnson, Status: discharged
2025-01-17 06:34:51,607 - Patient updated: Gandalf The Grey
2025-01-17 06:34:51,607 - Previous data: Gandalf The Grey, Status: admitted
2025-01-17 06:34:51,608 - Patient updated: Pranav Desai Covid 19
2025-01-17 06:34:51,608 - Previous data: Pranav Desai Covid 19, Status: discharged
2025-01-17 06:34:51,610 - Patient updated: Kollipa Charan
2025-01-17 06:34:51,610 - Previous data: Kollipa Charan, Status: admitted
2025-01-17 06:34:51,612 - Patient updated: Kollipa Charan
2025-01-17 06:34:51,612 - Previous data: Kollipa Charan, Status: admitted
2025-01-17 06:34:51,614 - Patient updated: Pratham R Shetty
2025-01-17 06:34:51,614 - Previous data: Pratham R Shetty, Status: admitted
2025-01-17 06:34:51,619 - Patient updated: Pratham R Shetty
2025-01-17 06:34:51,619 - Previous data: Pratham R Shetty, Status: admitted
2025-01-17 06:34:51,621 - Patient updated: Pratham R Shetty alpha timeline
2025-01-17 06:34:51,621 - Previous data: Pratham R Shetty alpha timeline, Status: admitted
2025-01-17 06:34:51,623 - Patient updated: Pratham R Shetty beta timeline
2025-01-17 06:34:51,623 - Previous data: Pratham R Shetty beta timeline, Status: admitted
2025-01-17 06:34:51,625 - Patient updated: Pratham R Shetty gamma
2025-01-17 06:34:51,625 - Previous data: Pratham R Shetty gamma, Status: admitted
2025-01-17 06:34:51,628 - Patient updated: Pratham R Shetty gamma timeline2
2025-01-17 06:34:51,628 - Previous data: Pratham R Shetty gamma timeline2, Status: admitted
2025-01-17 06:34:51,629 - Patient updated: Pratham R Shetty gamma timeline3
2025-01-17 06:34:51,629 - Previous data: Pratham R Shetty gamma timeline3, Status: admitted
2025-01-17 06:34:51,630 - Patient updated: Pratham R Shetty gamma timeline4
2025-01-17 06:34:51,630 - Previous data: Pratham R Shetty gamma timeline4, Status: admitted
2025-01-17 06:34:51,646 - Patient updated: Aniket Choudhary
2025-01-17 06:34:51,646 - Previous data: Aniket Choudhary, Status: discharged
2025-01-17 06:34:51,649 - Patient updated: Kollipa Charan 1
2025-01-17 06:34:51,649 - Previous data: Kollipa Charan 1, Status: admitted
2025-01-17 06:48:17,749 - Patient updated: Sarah Johnson
2025-01-17 06:48:17,749 - Previous data: Sarah Johnson, Status: admitted
2025-01-17 06:50:16,660 - Patient updated: Sarah Johnson
2025-01-17 06:50:16,661 - Previous data: Sarah Johnson, Status: admitted
2025-01-17 07:21:09,164 - Patient updated: Kollipa Charan
2025-01-17 07:21:09,165 - Previous data: Kollipa Charan 1, Status: admitted
2025-01-17 07:44:21,516 - Patient deleted: Sarah Johnson
2025-01-17 07:44:21,516 - Patient deleted: Sarah Johnson
2025-01-17 07:44:21,516 - Patient deleted: Pranav Desai
2025-01-17 07:44:21,517 - Patient deleted: Pranav Desai v2
2025-01-17 07:44:21,517 - Patient deleted: Pratham R Shetty
2025-01-17 07:44:21,517 - Patient deleted: Sarah Johnson
2025-01-17 07:44:21,517 - Patient deleted: Sarah Johnson
2025-01-17 07:44:21,517 - Patient deleted: Gandalf The Grey
2025-01-17 07:44:21,517 - Patient deleted: Pranav Desai Covid 19
2025-01-17 07:44:21,517 - Patient deleted: Kollipa Charan
2025-01-17 07:44:21,517 - Patient deleted: Kollipa Charan
2025-01-17 07:44:21,517 - Patient deleted: Pratham R Shetty
2025-01-17 07:44:21,517 - Patient deleted: Pratham R Shetty
2025-01-17 07:44:21,517 - Patient deleted: Pratham R Shetty alpha timeline
2025-01-17 07:44:21,517 - Patient deleted: Pratham R Shetty beta timeline
2025-01-17 07:44:21,517 - Patient deleted: Pratham R Shetty gamma
2025-01-17 07:44:21,517 - Patient deleted: Pratham R Shetty gamma timeline2
2025-01-17 07:44:21,517 - Patient deleted: Pratham R Shetty gamma timeline3
2025-01-17 07:44:21,517 - Patient deleted: Pratham R Shetty gamma timeline4
2025-01-17 07:44:21,517 - Patient deleted: Aniket Choudhary
2025-01-17 07:44:21,517 - Patient deleted: Kollipa Charan 1
2025-01-17 08:12:03,099 - New patient added: John Doe
2025-01-17 08:12:07,658 - New patient added: John Doe
2025-01-17 08:14:36,858 - New patient added: John
2025-01-17 09:10:54,095 - New patient added: Pratham
2025-01-17 10:24:03,506 - Patient updated: Pranav Desai
2025-01-17 10:24:03,506 - Previous data: John, Status: discharged
2025-01-17 10:25:11,875 - Patient updated: Pranav Desai
2025-01-17 10:25:11,876 - Previous data: John, Status: discharged
2025-01-17 10:25:37,801 - Patient updated: Pranav Desai
2025-01-17 10:25:37,802 - Previous data: John, Status: discharged
